  debug.cpp
  image_png.cpp
  keyboard.cpp
  mouse.cpp
  NFont.cpp
  SDL_FontCache.cpp
E:\Archivos\Estudios\UNIVERSIDAD\UAB-Ingeniería Informatica\1r Año\Metodología de la Programación\Projecte\Segona part\intro_llibreria_grafica_estudiants\0. C++ Code\Graphic Lib\NFont\SDL_FontCache.cpp(205,25): warning C4309: '=': truncamiento de valor constante
  sound.cpp
E:\Archivos\Estudios\UNIVERSIDAD\UAB-Ingeniería Informatica\1r Año\Metodología de la Programación\Projecte\Segona part\intro_llibreria_grafica_estudiants\0. C++ Code\Graphic Lib\NFont\SDL_FontCache.cpp(216,25): warning C4309: '=': truncamiento de valor constante
  sprites.cpp
  stb_vorbis.cpp
  video.cpp
  candy.cpp
E:\Archivos\Estudios\UNIVERSIDAD\UAB-Ingeniería Informatica\1r Año\Metodología de la Programación\Projecte\Segona part\intro_llibreria_grafica_estudiants\0. C++ Code\Logic Game\candy.cpp(145,47): warning C4244: 'argumento': conversión de 'int' a 'float'; posible pérdida de datos
E:\Archivos\Estudios\UNIVERSIDAD\UAB-Ingeniería Informatica\1r Año\Metodología de la Programación\Projecte\Segona part\intro_llibreria_grafica_estudiants\0. C++ Code\Logic Game\candy.cpp(144,104): warning C4244: 'argumento': conversión de 'int' a 'float'; posible pérdida de datos
E:\Archivos\Estudios\UNIVERSIDAD\UAB-Ingeniería Informatica\1r Año\Metodología de la Programación\Projecte\Segona part\intro_llibreria_grafica_estudiants\0. C++ Code\Logic Game\candy.cpp(149,47): warning C4244: 'argumento': conversión de 'int' a 'float'; posible pérdida de datos
E:\Archivos\Estudios\UNIVERSIDAD\UAB-Ingeniería Informatica\1r Año\Metodología de la Programación\Projecte\Segona part\intro_llibreria_grafica_estudiants\0. C++ Code\Logic Game\candy.cpp(148,115): warning C4244: 'argumento': conversión de 'int' a 'float'; posible pérdida de datos
E:\Archivos\Estudios\UNIVERSIDAD\UAB-Ingeniería Informatica\1r Año\Metodología de la Programación\Projecte\Segona part\intro_llibreria_grafica_estudiants\0. C++ Code\Logic Game\candy.cpp(153,47): warning C4244: 'argumento': conversión de 'int' a 'float'; posible pérdida de datos
E:\Archivos\Estudios\UNIVERSIDAD\UAB-Ingeniería Informatica\1r Año\Metodología de la Programación\Projecte\Segona part\intro_llibreria_grafica_estudiants\0. C++ Code\Logic Game\candy.cpp(152,113): warning C4244: 'argumento': conversión de 'int' a 'float'; posible pérdida de datos
E:\Archivos\Estudios\UNIVERSIDAD\UAB-Ingeniería Informatica\1r Año\Metodología de la Programación\Projecte\Segona part\intro_llibreria_grafica_estudiants\0. C++ Code\Logic Game\candy.cpp(162,47): warning C4244: 'argumento': conversión de 'int' a 'float'; posible pérdida de datos
E:\Archivos\Estudios\UNIVERSIDAD\UAB-Ingeniería Informatica\1r Año\Metodología de la Programación\Projecte\Segona part\intro_llibreria_grafica_estudiants\0. C++ Code\Logic Game\candy.cpp(161,105): warning C4244: 'argumento': conversión de 'int' a 'float'; posible pérdida de datos
E:\Archivos\Estudios\UNIVERSIDAD\UAB-Ingeniería Informatica\1r Año\Metodología de la Programación\Projecte\Segona part\intro_llibreria_grafica_estudiants\0. C++ Code\Logic Game\candy.cpp(166,47): warning C4244: 'argumento': conversión de 'int' a 'float'; posible pérdida de datos
E:\Archivos\Estudios\UNIVERSIDAD\UAB-Ingeniería Informatica\1r Año\Metodología de la Programación\Projecte\Segona part\intro_llibreria_grafica_estudiants\0. C++ Code\Logic Game\candy.cpp(165,116): warning C4244: 'argumento': conversión de 'int' a 'float'; posible pérdida de datos
E:\Archivos\Estudios\UNIVERSIDAD\UAB-Ingeniería Informatica\1r Año\Metodología de la Programación\Projecte\Segona part\intro_llibreria_grafica_estudiants\0. C++ Code\Logic Game\candy.cpp(170,47): warning C4244: 'argumento': conversión de 'int' a 'float'; posible pérdida de datos
E:\Archivos\Estudios\UNIVERSIDAD\UAB-Ingeniería Informatica\1r Año\Metodología de la Programación\Projecte\Segona part\intro_llibreria_grafica_estudiants\0. C++ Code\Logic Game\candy.cpp(169,114): warning C4244: 'argumento': conversión de 'int' a 'float'; posible pérdida de datos
E:\Archivos\Estudios\UNIVERSIDAD\UAB-Ingeniería Informatica\1r Año\Metodología de la Programación\Projecte\Segona part\intro_llibreria_grafica_estudiants\0. C++ Code\Logic Game\candy.cpp(179,47): warning C4244: 'argumento': conversión de 'int' a 'float'; posible pérdida de datos
E:\Archivos\Estudios\UNIVERSIDAD\UAB-Ingeniería Informatica\1r Año\Metodología de la Programación\Projecte\Segona part\intro_llibreria_grafica_estudiants\0. C++ Code\Logic Game\candy.cpp(178,103): warning C4244: 'argumento': conversión de 'int' a 'float'; posible pérdida de datos
E:\Archivos\Estudios\UNIVERSIDAD\UAB-Ingeniería Informatica\1r Año\Metodología de la Programación\Projecte\Segona part\intro_llibreria_grafica_estudiants\0. C++ Code\Logic Game\candy.cpp(183,47): warning C4244: 'argumento': conversión de 'int' a 'float'; posible pérdida de datos
E:\Archivos\Estudios\UNIVERSIDAD\UAB-Ingeniería Informatica\1r Año\Metodología de la Programación\Projecte\Segona part\intro_llibreria_grafica_estudiants\0. C++ Code\Logic Game\candy.cpp(182,114): warning C4244: 'argumento': conversión de 'int' a 'float'; posible pérdida de datos
E:\Archivos\Estudios\UNIVERSIDAD\UAB-Ingeniería Informatica\1r Año\Metodología de la Programación\Projecte\Segona part\intro_llibreria_grafica_estudiants\0. C++ Code\Logic Game\candy.cpp(187,47): warning C4244: 'argumento': conversión de 'int' a 'float'; posible pérdida de datos
E:\Archivos\Estudios\UNIVERSIDAD\UAB-Ingeniería Informatica\1r Año\Metodología de la Programación\Projecte\Segona part\intro_llibreria_grafica_estudiants\0. C++ Code\Logic Game\candy.cpp(186,112): warning C4244: 'argumento': conversión de 'int' a 'float'; posible pérdida de datos
E:\Archivos\Estudios\UNIVERSIDAD\UAB-Ingeniería Informatica\1r Año\Metodología de la Programación\Projecte\Segona part\intro_llibreria_grafica_estudiants\0. C++ Code\Logic Game\candy.cpp(196,47): warning C4244: 'argumento': conversión de 'int' a 'float'; posible pérdida de datos
E:\Archivos\Estudios\UNIVERSIDAD\UAB-Ingeniería Informatica\1r Año\Metodología de la Programación\Projecte\Segona part\intro_llibreria_grafica_estudiants\0. C++ Code\Logic Game\candy.cpp(195,105): warning C4244: 'argumento': conversión de 'int' a 'float'; posible pérdida de datos
E:\Archivos\Estudios\UNIVERSIDAD\UAB-Ingeniería Informatica\1r Año\Metodología de la Programación\Projecte\Segona part\intro_llibreria_grafica_estudiants\0. C++ Code\Logic Game\candy.cpp(200,47): warning C4244: 'argumento': conversión de 'int' a 'float'; posible pérdida de datos
E:\Archivos\Estudios\UNIVERSIDAD\UAB-Ingeniería Informatica\1r Año\Metodología de la Programación\Projecte\Segona part\intro_llibreria_grafica_estudiants\0. C++ Code\Logic Game\candy.cpp(199,116): warning C4244: 'argumento': conversión de 'int' a 'float'; posible pérdida de datos
E:\Archivos\Estudios\UNIVERSIDAD\UAB-Ingeniería Informatica\1r Año\Metodología de la Programación\Projecte\Segona part\intro_llibreria_grafica_estudiants\0. C++ Code\Logic Game\candy.cpp(204,47): warning C4244: 'argumento': conversión de 'int' a 'float'; posible pérdida de datos
E:\Archivos\Estudios\UNIVERSIDAD\UAB-Ingeniería Informatica\1r Año\Metodología de la Programación\Projecte\Segona part\intro_llibreria_grafica_estudiants\0. C++ Code\Logic Game\candy.cpp(203,114): warning C4244: 'argumento': conversión de 'int' a 'float'; posible pérdida de datos
E:\Archivos\Estudios\UNIVERSIDAD\UAB-Ingeniería Informatica\1r Año\Metodología de la Programación\Projecte\Segona part\intro_llibreria_grafica_estudiants\0. C++ Code\Logic Game\candy.cpp(213,47): warning C4244: 'argumento': conversión de 'int' a 'float'; posible pérdida de datos
E:\Archivos\Estudios\UNIVERSIDAD\UAB-Ingeniería Informatica\1r Año\Metodología de la Programación\Projecte\Segona part\intro_llibreria_grafica_estudiants\0. C++ Code\Logic Game\candy.cpp(212,102): warning C4244: 'argumento': conversión de 'int' a 'float'; posible pérdida de datos
E:\Archivos\Estudios\UNIVERSIDAD\UAB-Ingeniería Informatica\1r Año\Metodología de la Programación\Projecte\Segona part\intro_llibreria_grafica_estudiants\0. C++ Code\Logic Game\candy.cpp(217,47): warning C4244: 'argumento': conversión de 'int' a 'float'; posible pérdida de datos
E:\Archivos\Estudios\UNIVERSIDAD\UAB-Ingeniería Informatica\1r Año\Metodología de la Programación\Projecte\Segona part\intro_llibreria_grafica_estudiants\0. C++ Code\Logic Game\candy.cpp(216,113): warning C4244: 'argumento': conversión de 'int' a 'float'; posible pérdida de datos
E:\Archivos\Estudios\UNIVERSIDAD\UAB-Ingeniería Informatica\1r Año\Metodología de la Programación\Projecte\Segona part\intro_llibreria_grafica_estudiants\0. C++ Code\Logic Game\candy.cpp(221,47): warning C4244: 'argumento': conversión de 'int' a 'float'; posible pérdida de datos
E:\Archivos\Estudios\UNIVERSIDAD\UAB-Ingeniería Informatica\1r Año\Metodología de la Programación\Projecte\Segona part\intro_llibreria_grafica_estudiants\0. C++ Code\Logic Game\candy.cpp(220,111): warning C4244: 'argumento': conversión de 'int' a 'float'; posible pérdida de datos
E:\Archivos\Estudios\UNIVERSIDAD\UAB-Ingeniería Informatica\1r Año\Metodología de la Programación\Projecte\Segona part\intro_llibreria_grafica_estudiants\0. C++ Code\Logic Game\candy.cpp(230,47): warning C4244: 'argumento': conversión de 'int' a 'float'; posible pérdida de datos
E:\Archivos\Estudios\UNIVERSIDAD\UAB-Ingeniería Informatica\1r Año\Metodología de la Programación\Projecte\Segona part\intro_llibreria_grafica_estudiants\0. C++ Code\Logic Game\candy.cpp(229,105): warning C4244: 'argumento': conversión de 'int' a 'float'; posible pérdida de datos
E:\Archivos\Estudios\UNIVERSIDAD\UAB-Ingeniería Informatica\1r Año\Metodología de la Programación\Projecte\Segona part\intro_llibreria_grafica_estudiants\0. C++ Code\Logic Game\candy.cpp(234,47): warning C4244: 'argumento': conversión de 'int' a 'float'; posible pérdida de datos
E:\Archivos\Estudios\UNIVERSIDAD\UAB-Ingeniería Informatica\1r Año\Metodología de la Programación\Projecte\Segona part\intro_llibreria_grafica_estudiants\0. C++ Code\Logic Game\candy.cpp(233,116): warning C4244: 'argumento': conversión de 'int' a 'float'; posible pérdida de datos
E:\Archivos\Estudios\UNIVERSIDAD\UAB-Ingeniería Informatica\1r Año\Metodología de la Programación\Projecte\Segona part\intro_llibreria_grafica_estudiants\0. C++ Code\Logic Game\candy.cpp(238,47): warning C4244: 'argumento': conversión de 'int' a 'float'; posible pérdida de datos
E:\Archivos\Estudios\UNIVERSIDAD\UAB-Ingeniería Informatica\1r Año\Metodología de la Programación\Projecte\Segona part\intro_llibreria_grafica_estudiants\0. C++ Code\Logic Game\candy.cpp(237,114): warning C4244: 'argumento': conversión de 'int' a 'float'; posible pérdida de datos
  Joc.cpp
E:\Archivos\Estudios\UNIVERSIDAD\UAB-Ingeniería Informatica\1r Año\Metodología de la Programación\Projecte\Segona part\intro_llibreria_grafica_estudiants\0. C++ Code\Logic Game\Joc.cpp(48,55): warning C4244: 'argumento': conversión de 'int' a 'float'; posible pérdida de datos
E:\Archivos\Estudios\UNIVERSIDAD\UAB-Ingeniería Informatica\1r Año\Metodología de la Programación\Projecte\Segona part\intro_llibreria_grafica_estudiants\0. C++ Code\Logic Game\Joc.cpp(47,106): warning C4244: 'argumento': conversión de 'int' a 'float'; posible pérdida de datos
E:\Archivos\Estudios\UNIVERSIDAD\UAB-Ingeniería Informatica\1r Año\Metodología de la Programación\Projecte\Segona part\intro_llibreria_grafica_estudiants\0. C++ Code\Logic Game\Joc.cpp(50,81): warning C4244: 'argumento': conversión de 'int' a 'float'; posible pérdida de datos
E:\Archivos\Estudios\UNIVERSIDAD\UAB-Ingeniería Informatica\1r Año\Metodología de la Programación\Projecte\Segona part\intro_llibreria_grafica_estudiants\0. C++ Code\Logic Game\Joc.cpp(50,70): warning C4244: 'argumento': conversión de 'int' a 'float'; posible pérdida de datos
  GraphicManager.cpp
E:\Archivos\Estudios\UNIVERSIDAD\UAB-Ingeniería Informatica\1r Año\Metodología de la Programación\Projecte\Segona part\intro_llibreria_grafica_estudiants\0. C++ Code\Logic Game\GraphicManager.cpp(35,37): warning C4244: 'argumento': conversión de 'float' a 'int'; posible pérdida de datos
E:\Archivos\Estudios\UNIVERSIDAD\UAB-Ingeniería Informatica\1r Año\Metodología de la Programación\Projecte\Segona part\intro_llibreria_grafica_estudiants\0. C++ Code\Logic Game\GraphicManager.cpp(35,31): warning C4244: 'argumento': conversión de 'float' a 'int'; posible pérdida de datos
  main.cpp
  partida.cpp
  tauler.cpp
  Generando código...
E:\Archivos\Estudios\UNIVERSIDAD\UAB-Ingeniería Informatica\1r Año\Metodología de la Programación\Projecte\Segona part\intro_llibreria_grafica_estudiants\0. C++ Code\Logic Game\candy.cpp(343,1): warning C4715: 'Candy::getImage': no todas las rutas de acceso de control devuelven un valor
  MP_Practica.vcxproj -> E:\Archivos\Estudios\UNIVERSIDAD\UAB-Ingeniería Informatica\1r Año\Metodología de la Programación\Projecte\Segona part\intro_llibreria_grafica_estudiants\2. Platforms\0. Windows Desktop\Program\MP_Practica.exe
